2025-12-29 02:41:10 +00:00: Performing system checks...
2025-12-29 02:41:10 +00:00: 
2025-12-29 02:41:10 +00:00: System check identified no issues (0 silenced).
2026-01-02 05:09:06 +00:00: Performing system checks...
2026-01-02 05:09:06 +00:00: 
2026-01-02 05:09:06 +00:00: System check identified no issues (0 silenced).
2026-01-02 05:11:46 +00:00: Performing system checks...
2026-01-02 05:11:46 +00:00: 
2026-01-02 05:11:47 +00:00: System check identified no issues (0 silenced).
2026-01-02 05:11:47 +00:00: January 02, 2026 - 05:11:47
2026-01-02 05:11:47 +00:00: Django version 4.2.7, using settings 'spiritbead.settings'
2026-01-02 05:11:47 +00:00: Starting development server at http://0.0.0.0:8000/
2026-01-02 05:11:47 +00:00: Quit the server with CONTROL-C.
2026-01-02 05:11:47 +00:00: 
2026-01-02 05:14:48 +00:00: Performing system checks...
2026-01-02 05:14:48 +00:00: 
2026-01-02 05:14:49 +00:00: System check identified no issues (0 silenced).
2026-01-02 05:14:49 +00:00: January 02, 2026 - 05:14:49
2026-01-02 05:14:49 +00:00: Django version 4.2.7, using settings 'spiritbead.settings'
2026-01-02 05:14:49 +00:00: Starting development server at http://0.0.0.0:8000/
2026-01-02 05:14:49 +00:00: Quit the server with CONTROL-C.
2026-01-02 05:14:49 +00:00: 
2026-01-02 05:14:56 +00:00: Performing system checks...
2026-01-02 05:14:56 +00:00: 
2026-01-02 05:14:56 +00:00: System check identified no issues (0 silenced).
2026-01-02 05:14:57 +00:00: January 02, 2026 - 05:14:57
2026-01-02 05:14:57 +00:00: Django version 4.2.7, using settings 'spiritbead.settings'
2026-01-02 05:14:57 +00:00: Starting development server at http://0.0.0.0:8000/
2026-01-02 05:14:57 +00:00: Quit the server with CONTROL-C.
2026-01-02 05:14:57 +00:00: 
2026-01-02 05:15:08 +00:00: Performing system checks...
2026-01-02 05:15:08 +00:00: 
2026-01-02 05:15:08 +00:00: System check identified no issues (0 silenced).
2026-01-02 05:15:08 +00:00: January 02, 2026 - 05:15:08
2026-01-02 05:15:08 +00:00: Django version 4.2.7, using settings 'spiritbead.settings'
2026-01-02 05:15:08 +00:00: Starting development server at http://0.0.0.0:8000/
2026-01-02 05:15:08 +00:00: Quit the server with CONTROL-C.
2026-01-02 05:15:08 +00:00: 
